Using pre-set license
Built from '2020.2/release' branch; Version is '2020.2.1f1 (270dd8c3da1c) revision 2559448'; Using compiler version '192528614'; Build Type 'Release'
OS: 'Windows 10  (10.0.0) 64bit' Language: 'en' Physical Memory: 16252 MB
BatchMode: 1, IsHumanControllingUs: 0, StartBugReporterOnCrash: 0, Is64bit: 1, IsPro: 0

 COMMAND LINE ARGUMENTS:
C:\Program Files\Unity\Hub\Editor\2020.2.1f1\Editor\Unity.exe
-adb2
-batchMode
-noUpm
-name
AssetImportWorker0
-projectPath
C:/Users/zansb/Documents/programing/games/CvestGame/Cons
-logFile
Logs/AssetImportWorker0.log
-srvPort
51244
Successfully changed project path to: C:/Users/zansb/Documents/programing/games/CvestGame/Cons
C:/Users/zansb/Documents/programing/games/CvestGame/Cons
Using Asset Import Pipeline V2.
Refreshing native plugins compatible for Editor in 22.48 ms, found 0 plugins.
Preloading 0 native plugins for Editor in 0.00 ms.
Initialize engine version: 2020.2.1f1 (270dd8c3da1c)
[Subsystems] Discovering subsystems at path C:/Program Files/Unity/Hub/Editor/2020.2.1f1/Editor/Data/Resources/UnitySubsystems
[Subsystems] Discovering subsystems at path C:/Users/zansb/Documents/programing/games/CvestGame/Cons/Assets
GfxDevice: creating device client; threaded=0
Direct3D:
    Version:  Direct3D 11.0 [level 11.1]
    Renderer: NVIDIA GeForce MX350 (ID=0x1c94)
    Vendor:   
    VRAM:     1979 MB
    Driver:   27.21.14.5167
Initialize mono
Mono path[0] = 'C:/Program Files/Unity/Hub/Editor/2020.2.1f1/Editor/Data/Managed'
Mono path[1] = 'C:/Program Files/Unity/Hub/Editor/2020.2.1f1/Editor/Data/MonoBleedingEdge/lib/mono/unityjit'
Mono config path = 'C:/Program Files/Unity/Hub/Editor/2020.2.1f1/Editor/Data/MonoBleedingEdge/etc'
Using monoOptions --debugger-agent=transport=dt_socket,embedding=1,server=y,suspend=n,address=127.0.0.1:56100
Begin MonoManager ReloadAssembly
Registering precompiled unity dll's ...
Register platform support module: C:/Program Files/Unity/Hub/Editor/2020.2.1f1/Editor/Data/PlaybackEngines/WindowsStandaloneSupport/UnityEditor.WindowsStandalone.Extensions.dll
Registered in 0.001283 seconds.
Native extension for WindowsStandalone target not found
Refreshing native plugins compatible for Editor in 24.48 ms, found 0 plugins.
Preloading 0 native plugins for Editor in 0.00 ms.
Invoked RoslynAnalysisRunner static constructor.
RoslynAnalysisRunner will not be running.
RoslynAnalysisRunner has terminated.
Mono: successfully reloaded assembly
- Completed reload, in  1.342 seconds
Platform modules already initialized, skipping
Registering precompiled user dll's ...
Registered in 0.001868 seconds.
Begin MonoManager ReloadAssembly
Native extension for WindowsStandalone target not found
Refreshing native plugins compatible for Editor in 0.24 ms, found 0 plugins.
Preloading 0 native plugins for Editor in 0.00 ms.
Invoked RoslynAnalysisRunner static constructor.
RoslynAnalysisRunner will not be running.
RoslynAnalysisRunner has terminated.
Find all reader and writers took 64 milliseconds
Script Module: UnityEngine.UI.dll
Weave behaviours and messages took50 milliseconds
Find all reader and writers took 42 milliseconds
Script Module: SimpleWebTransport.dll
Weave behaviours and messages took3 milliseconds
Find all reader and writers took 46 milliseconds
Script Module: UnityEngine.TestRunner.dll
Weave behaviours and messages took12 milliseconds
Find all reader and writers took 61 milliseconds
Script Module: Mirror.Cloud.dll
Weave behaviours and messages took2 milliseconds
Find all reader and writers took 64 milliseconds
Script Module: Unity.Timeline.dll
Weave behaviours and messages took38 milliseconds
Find all reader and writers took 61 milliseconds
Script Module: Mirror.Examples.dll
[Projectile] NetworkBehaviourProcessor
[Tank] NetworkBehaviourProcessor
[NetworkRoomPlayer] NetworkBehaviourProcessor
[NetworkRoomPlayerExt] NetworkBehaviourProcessor
[PlayerController] NetworkBehaviourProcessor
[PlayerScore] NetworkBehaviourProcessor
[RandomColor] NetworkBehaviourProcessor
[Reward] NetworkBehaviourProcessor
[Spawner] NetworkBehaviourProcessor
[Ball] NetworkBehaviourProcessor
[Player] NetworkBehaviourProcessor
[PhysicsCollision] NetworkBehaviourProcessor
[PlayerController] NetworkBehaviourProcessor
[PlayerScore] NetworkBehaviourProcessor
[RandomColor] NetworkBehaviourProcessor
[Reward] NetworkBehaviourProcessor
[Spawner] NetworkBehaviourProcessor
[Player] NetworkBehaviourProcessor
[MonsterMovement] NetworkBehaviourProcessor
[PlayerMovement] NetworkBehaviourProcessor
[Player] NetworkBehaviourProcessor
[PlayerController] NetworkBehaviourProcessor
[RandomColor] NetworkBehaviourProcessor
[ShootingTankBehaviour] NetworkBehaviourProcessor
[ZoneHandler] NetworkBehaviourProcessor
Weave behaviours and messages took10 milliseconds
  ProcessSitesModule Mirror.Examples.dll elapsed time:00:00:00.0219620
Find all reader and writers took 45 milliseconds
Script Module: Mirror.Components.dll
[NetworkAnimator] NetworkBehaviourProcessor
[NetworkRoomPlayer] NetworkBehaviourProcessor
[NetworkLobbyPlayer] NetworkBehaviourProcessor
[NetworkVisibility] NetworkBehaviourProcessor
[NetworkVisibility] Found NetworkBehaviour Mirror.NetworkVisibility
[NetworkVisibility] Process Start
[NetworkVisibility]   GenerateSerialization
[NetworkVisibility]   GenerateDeSerialization
[NetworkVisibility] Process Done
[NetworkMatchChecker] NetworkBehaviourProcessor
[NetworkVisibility] NetworkBehaviourProcessor
[NetworkProximityChecker] NetworkBehaviourProcessor
[NetworkRoomPlayer] NetworkBehaviourProcessor
[NetworkVisibility] NetworkBehaviourProcessor
[NetworkSceneChecker] NetworkBehaviourProcessor
[NetworkTransformBase] NetworkBehaviourProcessor
[NetworkTransform] NetworkBehaviourProcessor
[NetworkTransformBase] NetworkBehaviourProcessor
[NetworkTransformBase] NetworkBehaviourProcessor
[NetworkTransformChild] NetworkBehaviourProcessor
[NetworkLerpRigidbody] NetworkBehaviourProcessor
[NetworkRigidbody] NetworkBehaviourProcessor
[NetworkRigidbody2D] NetworkBehaviourProcessor
[NetworkTransformBase] NetworkBehaviourProcessor
[NetworkTransform] NetworkBehaviourProcessor
[NetworkTransformBase] NetworkBehaviourProcessor
[NetworkTransformBase] NetworkBehaviourProcessor
[NetworkTransformChild] NetworkBehaviourProcessor
Weave behaviours and messages took16 milliseconds
  ProcessSitesModule Mirror.Components.dll elapsed time:00:00:00.0009965
Find all reader and writers took 58 milliseconds
Script Module: Unity.TextMeshPro.dll
Weave behaviours and messages took38 milliseconds
Find all reader and writers took 45 milliseconds
Script Module: Mirror.Examples.Cloud.GUI.dll
Weave behaviours and messages took2 milliseconds
Find all reader and writers took 41 milliseconds
Script Module: kcp2k.dll
Weave behaviours and messages took2 milliseconds
Find all reader and writers took 57 milliseconds
Script Module: Telepathy.dll
Weave behaviours and messages took1 milliseconds
Find all reader and writers took 60 milliseconds
Script Module: Assembly-CSharp.dll
[MatchMaking] NetworkBehaviourProcessor
[Player_Lobby] NetworkBehaviourProcessor
Weave behaviours and messages took2 milliseconds
Find all reader and writers took 78 milliseconds
Script Module: Mirror.Authenticators.dll
Weave behaviours and messages took2 milliseconds
  ProcessSitesModule Mirror.Authenticators.dll elapsed time:00:00:00
Find all reader and writers took 61 milliseconds
Script Module: Mirror.example.RigidbodyPhysics.dll
[AddForce] NetworkBehaviourProcessor
Weave behaviours and messages took0 milliseconds
Find all reader and writers took 79 milliseconds
Script Module: Mirror.Examples.Cloud.Pong.dll
[Ball] NetworkBehaviourProcessor
[BallManager] NetworkBehaviourProcessor
[Player] NetworkBehaviourProcessor
Weave behaviours and messages took2 milliseconds
  ProcessSitesModule Mirror.Examples.Cloud.Pong.dll elapsed time:00:00:00
Find all reader and writers took 66 milliseconds
Script Module: UnityEditor.TestRunner.dll
Weave behaviours and messages took19 milliseconds
Find all reader and writers took 56 milliseconds
Script Module: UnityEditor.UI.dll
Weave behaviours and messages took5 milliseconds
Find all reader and writers took 49 milliseconds
Script Module: Mirror.CompilerSymbols.dll
Weave behaviours and messages took0 milliseconds
Mono: successfully reloaded assembly
- Completed reload, in  3.954 seconds
Platform modules already initialized, skipping
========================================================================
Worker process is ready to serve import requests
Launched and connected shader compiler UnityShaderCompiler.exe after 0.04 seconds
Refreshing native plugins compatible for Editor in 0.24 ms, found 0 plugins.
Preloading 0 native plugins for Editor in 0.00 ms.
Unloading 1310 Unused Serialized files (Serialized files now loaded: 0)
System memory in use before: 62.6 MB.
System memory in use after: 62.6 MB.

Unloading 14 unused Assets to reduce memory usage. Loaded Objects now: 1748.
Total: 2.428200 ms (FindLiveObjects: 0.247300 ms CreateObjectMapping: 0.101900 ms MarkObjects: 2.036600 ms  DeleteObjects: 0.041000 ms)

========================================================================
Received Import Request.
  path: Assets/Animation/Canvas.controller
  artifactKey: Guid(119245f0cf712424e8aa6b43b1bdf2c5) Importer(815301076,1909f56bfc062723c751e8b465ee728b)
Start importing Assets/Animation/Canvas.controller using Guid(119245f0cf712424e8aa6b43b1bdf2c5) Importer(815301076,1909f56bfc062723c751e8b465ee728b)  -> (artifact id: '0501172177e5c8c2ee99bdd6f42401b9') in 0.026460 seconds
  Import took 0.035251 seconds .

========================================================================
Received Prepare
Refreshing native plugins compatible for Editor in 1.36 ms, found 0 plugins.
Preloading 0 native plugins for Editor in 0.00 ms.
Unloading 8 Unused Serialized files (Serialized files now loaded: 0)
System memory in use before: 36.7 MB.
System memory in use after: 36.8 MB.

Unloading 7 unused Assets to reduce memory usage. Loaded Objects now: 1748.
Total: 2.368000 ms (FindLiveObjects: 0.125500 ms CreateObjectMapping: 0.036100 ms MarkObjects: 2.188000 ms  DeleteObjects: 0.017500 ms)

AssetImportWorkerClient::OnTransportError - code=2 error=End of file
