Using pre-set license
Built from '2020.2/release' branch; Version is '2020.2.1f1 (270dd8c3da1c) revision 2559448'; Using compiler version '192528614'; Build Type 'Release'
OS: 'Windows 10  (10.0.0) 64bit' Language: 'en' Physical Memory: 16252 MB
BatchMode: 1, IsHumanControllingUs: 0, StartBugReporterOnCrash: 0, Is64bit: 1, IsPro: 0

 COMMAND LINE ARGUMENTS:
C:\Program Files\Unity\Hub\Editor\2020.2.1f1\Editor\Unity.exe
-adb2
-batchMode
-noUpm
-name
AssetImportWorker11
-projectPath
C:/Users/zansb/Documents/programing/games/CvestGame/CvestGameUnity
-logFile
Logs/AssetImportWorker11.log
-srvPort
51648
Successfully changed project path to: C:/Users/zansb/Documents/programing/games/CvestGame/CvestGameUnity
C:/Users/zansb/Documents/programing/games/CvestGame/CvestGameUnity
Using Asset Import Pipeline V2.
Refreshing native plugins compatible for Editor in 316.17 ms, found 0 plugins.
Preloading 0 native plugins for Editor in 0.00 ms.
Initialize engine version: 2020.2.1f1 (270dd8c3da1c)
[Subsystems] Discovering subsystems at path C:/Program Files/Unity/Hub/Editor/2020.2.1f1/Editor/Data/Resources/UnitySubsystems
[Subsystems] Discovering subsystems at path C:/Users/zansb/Documents/programing/games/CvestGame/CvestGameUnity/Assets
GfxDevice: creating device client; threaded=0
