Using pre-set license
Built from '2020.2/release' branch; Version is '2020.2.1f1 (270dd8c3da1c) revision 2559448'; Using compiler version '192528614'; Build Type 'Release'
OS: 'Windows 10  (10.0.0) 64bit' Language: 'en' Physical Memory: 16252 MB
BatchMode: 1, IsHumanControllingUs: 0, StartBugReporterOnCrash: 0, Is64bit: 1, IsPro: 0

 COMMAND LINE ARGUMENTS:
C:\Program Files\Unity\Hub\Editor\2020.2.1f1\Editor\Unity.exe
-adb2
-batchMode
-noUpm
-name
AssetImportWorker35
-projectPath
C:/Users/zansb/Documents/programing/games/CvestGame/CvestGameUnity
-logFile
Logs/AssetImportWorker35.log
-srvPort
51648
Successfully changed project path to: C:/Users/zansb/Documents/programing/games/CvestGame/CvestGameUnity
C:/Users/zansb/Documents/programing/games/CvestGame/CvestGameUnity
Using Asset Import Pipeline V2.
Refreshing native plugins compatible for Editor in 2982.30 ms, found 0 plugins.
Preloading 0 native plugins for Editor in 0.00 ms.
Initialize engine version: 2020.2.1f1 (270dd8c3da1c)
[Subsystems] Discovering subsystems at path C:/Program Files/Unity/Hub/Editor/2020.2.1f1/Editor/Data/Resources/UnitySubsystems
[Subsystems] Discovering subsystems at path C:/Users/zansb/Documents/programing/games/CvestGame/CvestGameUnity/Assets
GfxDevice: creating device client; threaded=0
Direct3D:
    Version:  Direct3D 11.0 [level 11.1]
    Renderer: NVIDIA GeForce MX350 (ID=0x1c94)
    Vendor:   
    VRAM:     1979 MB
    Driver:   27.21.14.6589
Initialize mono
Mono path[0] = 'C:/Program Files/Unity/Hub/Editor/2020.2.1f1/Editor/Data/Managed'
Mono path[1] = 'C:/Program Files/Unity/Hub/Editor/2020.2.1f1/Editor/Data/MonoBleedingEdge/lib/mono/unityjit'
Mono config path = 'C:/Program Files/Unity/Hub/Editor/2020.2.1f1/Editor/Data/MonoBleedingEdge/etc'
Using monoOptions --debugger-agent=transport=dt_socket,embedding=1,server=y,suspend=n,address=127.0.0.1:56752
Begin MonoManager ReloadAssembly
Registering precompiled unity dll's ...
Register platform support module: C:/Program Files/Unity/Hub/Editor/2020.2.1f1/Editor/Data/PlaybackEngines/WindowsStandaloneSupport/UnityEditor.WindowsStandalone.Extensions.dll
Registered in 0.004499 seconds.
Native extension for WindowsStandalone target not found
Refreshing native plugins compatible for Editor in 97.39 ms, found 0 plugins.
Preloading 0 native plugins for Editor in 0.00 ms.
Invoked RoslynAnalysisRunner static constructor.
RoslynAnalysisRunner will not be running.
RoslynAnalysisRunner has terminated.
Mono: successfully reloaded assembly
- Completed reload, in  6.147 seconds
Platform modules already initialized, skipping
Registering precompiled user dll's ...
Registered in 0.006910 seconds.
Begin MonoManager ReloadAssembly
Native extension for WindowsStandalone target not found
Refreshing native plugins compatible for Editor in 0.83 ms, found 0 plugins.
Preloading 0 native plugins for Editor in 0.00 ms.
Invoked RoslynAnalysisRunner static constructor.
RoslynAnalysisRunner will not be running.
RoslynAnalysisRunner has terminated.
Mono: successfully reloaded assembly
- Completed reload, in  4.947 seconds
Platform modules already initialized, skipping
========================================================================
Worker process is ready to serve import requests
Launched and connected shader compiler UnityShaderCompiler.exe after 0.37 seconds
Refreshing native plugins compatible for Editor in 0.61 ms, found 0 plugins.
Preloading 0 native plugins for Editor in 0.00 ms.
Unloading 1322 Unused Serialized files (Serialized files now loaded: 0)
System memory in use before: 64.0 MB.
System memory in use after: 64.1 MB.

Unloading 15 unused Assets to reduce memory usage. Loaded Objects now: 1760.
Total: 3.162700 ms (FindLiveObjects: 0.271000 ms CreateObjectMapping: 0.088700 ms MarkObjects: 2.718800 ms  DeleteObjects: 0.082400 ms)

========================================================================
Received Import Request.
  path: Assets/MainMenu/Scripts
  artifactKey: Guid(d3b48966e6be97f4894b33f090bfdf38) Importer(815301076,1909f56bfc062723c751e8b465ee728b)
Start importing Assets/MainMenu/Scripts using Guid(d3b48966e6be97f4894b33f090bfdf38) Importer(815301076,1909f56bfc062723c751e8b465ee728b)  -> (artifact id: 'b26de7a6275401566a5ebfeff558103f') in 0.018575 seconds
  Import took 0.023893 seconds .

========================================================================
Received Import Request.
  Time since last request: 0.000253 seconds.
  path: Assets/MainMenu/Scripts/MainNetworkScript.cs
  artifactKey: Guid(2b762b63753ee6b458d5b91e57cc368d) Importer(815301076,1909f56bfc062723c751e8b465ee728b)
Start importing Assets/MainMenu/Scripts/MainNetworkScript.cs using Guid(2b762b63753ee6b458d5b91e57cc368d) Importer(815301076,1909f56bfc062723c751e8b465ee728b)  -> (artifact id: '10c9b3de629fc0954d8d6a9f5712cffd') in 0.621205 seconds
  Import took 0.625582 seconds .

========================================================================
Received Import Request.
  Time since last request: 5501.983733 seconds.
  path: Assets/MainMenu/Scripts/MainNetworkScript.cs
  artifactKey: Guid(2b762b63753ee6b458d5b91e57cc368d) Importer(815301076,1909f56bfc062723c751e8b465ee728b)
Start importing Assets/MainMenu/Scripts/MainNetworkScript.cs using Guid(2b762b63753ee6b458d5b91e57cc368d) Importer(815301076,1909f56bfc062723c751e8b465ee728b)  -> (artifact id: 'd76e9c4fed9a5f47792b50285f0bb521') in 0.016826 seconds
  Import took 0.957601 seconds .

========================================================================
Received Import Request.
  Time since last request: 450.526662 seconds.
  path: Assets/MainMenu/Scripts/MainNetworkScript.cs
  artifactKey: Guid(2b762b63753ee6b458d5b91e57cc368d) Importer(815301076,1909f56bfc062723c751e8b465ee728b)
Start importing Assets/MainMenu/Scripts/MainNetworkScript.cs using Guid(2b762b63753ee6b458d5b91e57cc368d) Importer(815301076,1909f56bfc062723c751e8b465ee728b)  -> (artifact id: 'bf4da26e64bdbb0744355222db005fe8') in 1.747664 seconds
  Import took 2.660226 seconds .

========================================================================
Received Import Request.
  Time since last request: 2182.997608 seconds.
  path: Assets/Photon/PhotonUnityNetworking/Demos/Shared Assets/Skin/eurof35.ttf
  artifactKey: Guid(954746d370bc8934299c8c8267543f4f) Importer(815301076,1909f56bfc062723c751e8b465ee728b)
Start importing Assets/Photon/PhotonUnityNetworking/Demos/Shared Assets/Skin/eurof35.ttf using Guid(954746d370bc8934299c8c8267543f4f) Importer(815301076,1909f56bfc062723c751e8b465ee728b)  -> (artifact id: '9a316d70adb6fcdfd254a986817afc84') in 0.245192 seconds
  Import took 0.247714 seconds .

========================================================================
Received Import Request.
  Time since last request: 0.000202 seconds.
  path: Assets/Photon/PhotonUnityNetworking/Demos/Shared Assets/Skin/Orbitron Black.ttf
  artifactKey: Guid(495c9e2a934bcc640a8d7427b13cb680) Importer(815301076,1909f56bfc062723c751e8b465ee728b)
Start importing Assets/Photon/PhotonUnityNetworking/Demos/Shared Assets/Skin/Orbitron Black.ttf using Guid(495c9e2a934bcc640a8d7427b13cb680) Importer(815301076,1909f56bfc062723c751e8b465ee728b)  -> (artifact id: 'f274f0dc3ff367f6dab7661759fef678') in 0.019106 seconds
  Import took 0.021475 seconds .

========================================================================
Received Import Request.
  Time since last request: 0.000231 seconds.
  path: Assets/Photon/PhotonUnityNetworking/Demos/Shared Assets/Skin/eurof35.ttf
  artifactKey: Guid(954746d370bc8934299c8c8267543f4f) Importer(815301076,1909f56bfc062723c751e8b465ee728b)
Start importing Assets/Photon/PhotonUnityNetworking/Demos/Shared Assets/Skin/eurof35.ttf using Guid(954746d370bc8934299c8c8267543f4f) Importer(815301076,1909f56bfc062723c751e8b465ee728b)  -> (artifact id: '9a316d70adb6fcdfd254a986817afc84') in 0.009882 seconds
  Import took 0.012617 seconds .

========================================================================
Received Import Request.
  Time since last request: 0.000214 seconds.
  path: Assets/Photon/PhotonRealtime/Demos/DemoLoadBalancing/Jura-Medium-LB.ttf
  artifactKey: Guid(4a4df204c321f9c40b0dbfb1baaffb4c) Importer(815301076,1909f56bfc062723c751e8b465ee728b)
Start importing Assets/Photon/PhotonRealtime/Demos/DemoLoadBalancing/Jura-Medium-LB.ttf using Guid(4a4df204c321f9c40b0dbfb1baaffb4c) Importer(815301076,1909f56bfc062723c751e8b465ee728b)  -> (artifact id: 'cb9b70240bd4f6139ce88ac605f93bf7') in 0.023411 seconds
  Import took 0.027171 seconds .

========================================================================
Received Import Request.
  Time since last request: 0.000159 seconds.
  path: Assets/Photon/PhotonUnityNetworking/Demos/Shared Assets/Skin/Jura-Medium.ttf
  artifactKey: Guid(e00995507c2406448b4c8429136104dd) Importer(815301076,1909f56bfc062723c751e8b465ee728b)
Start importing Assets/Photon/PhotonUnityNetworking/Demos/Shared Assets/Skin/Jura-Medium.ttf using Guid(e00995507c2406448b4c8429136104dd) Importer(815301076,1909f56bfc062723c751e8b465ee728b)  -> (artifact id: 'c62dcdd695e63a54397917e74148e58b') in 0.021048 seconds
  Import took 0.023018 seconds .

========================================================================
Received Import Request.
  Time since last request: 3086.550944 seconds.
  path: Assets/Photon/PhotonUnityNetworking/Resources/PhotonServerSettings.asset
  artifactKey: Guid(57804d66413975449889edbfad7e1aa0) Importer(815301076,1909f56bfc062723c751e8b465ee728b)
Start importing Assets/Photon/PhotonUnityNetworking/Resources/PhotonServerSettings.asset using Guid(57804d66413975449889edbfad7e1aa0) Importer(815301076,1909f56bfc062723c751e8b465ee728b)  -> (artifact id: '9cb687c908a389d303c52cd3cb00bed6') in 0.027550 seconds
  Import took 0.039914 seconds .

========================================================================
Received Import Request.
  Time since last request: 15.122372 seconds.
  path: Assets/Photon/PhotonUnityNetworking/Resources/PhotonServerSettings.asset
  artifactKey: Guid(57804d66413975449889edbfad7e1aa0) Importer(815301076,1909f56bfc062723c751e8b465ee728b)
Start importing Assets/Photon/PhotonUnityNetworking/Resources/PhotonServerSettings.asset using Guid(57804d66413975449889edbfad7e1aa0) Importer(815301076,1909f56bfc062723c751e8b465ee728b)  -> (artifact id: '4839527eaa137fbfca30fbeeab8ab398') in 0.002877 seconds
  Import took 0.005510 seconds .

========================================================================
Received Import Request.
  Time since last request: 0.011433 seconds.
  path: Assets/Photon/PhotonUnityNetworking/Resources/PhotonServerSettings.asset
  artifactKey: Guid(57804d66413975449889edbfad7e1aa0) Importer(815301076,1909f56bfc062723c751e8b465ee728b)
Start importing Assets/Photon/PhotonUnityNetworking/Resources/PhotonServerSettings.asset using Guid(57804d66413975449889edbfad7e1aa0) Importer(815301076,1909f56bfc062723c751e8b465ee728b)  -> (artifact id: '4839527eaa137fbfca30fbeeab8ab398') in 0.002963 seconds
  Import took 0.006850 seconds .

========================================================================
Received Import Request.
  Time since last request: 10.957642 seconds.
  path: Assets/MainMenu/Scripts/MainNetworkScript.cs
  artifactKey: Guid(2b762b63753ee6b458d5b91e57cc368d) Importer(815301076,1909f56bfc062723c751e8b465ee728b)
Start importing Assets/MainMenu/Scripts/MainNetworkScript.cs using Guid(2b762b63753ee6b458d5b91e57cc368d) Importer(815301076,1909f56bfc062723c751e8b465ee728b)  -> (artifact id: 'c5b6b390c2ca9a818b1902379a750935') in 0.008357 seconds
  Import took 0.011218 seconds .

========================================================================
Received Import Request.
  Time since last request: 237.922607 seconds.
  path: Assets/MainMenu/Scripts/MainNetworkScript.cs
  artifactKey: Guid(2b762b63753ee6b458d5b91e57cc368d) Importer(815301076,1909f56bfc062723c751e8b465ee728b)
Start importing Assets/MainMenu/Scripts/MainNetworkScript.cs using Guid(2b762b63753ee6b458d5b91e57cc368d) Importer(815301076,1909f56bfc062723c751e8b465ee728b)  -> (artifact id: '9841c145a0af068e9a66830abf6d6266') in 0.003543 seconds
  Import took 0.006586 seconds .

========================================================================
Received Import Request.
  Time since last request: 104.125692 seconds.
  path: Assets/MainMenu/Scripts/MainNetworkScript.cs
  artifactKey: Guid(2b762b63753ee6b458d5b91e57cc368d) Importer(815301076,1909f56bfc062723c751e8b465ee728b)
Start importing Assets/MainMenu/Scripts/MainNetworkScript.cs using Guid(2b762b63753ee6b458d5b91e57cc368d) Importer(815301076,1909f56bfc062723c751e8b465ee728b)  -> (artifact id: '536d6acc87d0e876acd5f223a17b584f') in 0.002979 seconds
  Import took 0.006562 seconds .

========================================================================
Received Import Request.
  Time since last request: 15.202934 seconds.
  path: Assets/MainMenu/Scripts/MainNetworkScript.cs
  artifactKey: Guid(2b762b63753ee6b458d5b91e57cc368d) Importer(815301076,1909f56bfc062723c751e8b465ee728b)
Start importing Assets/MainMenu/Scripts/MainNetworkScript.cs using Guid(2b762b63753ee6b458d5b91e57cc368d) Importer(815301076,1909f56bfc062723c751e8b465ee728b)  -> (artifact id: '4c200b413d6d695ee504afb2a5cf0547') in 0.005129 seconds
  Import took 0.008598 seconds .

========================================================================
Received Import Request.
  Time since last request: 88.428280 seconds.
  path: Assets/MainMenu/Scripts/MainNetworkScript.cs
  artifactKey: Guid(2b762b63753ee6b458d5b91e57cc368d) Importer(815301076,1909f56bfc062723c751e8b465ee728b)
Start importing Assets/MainMenu/Scripts/MainNetworkScript.cs using Guid(2b762b63753ee6b458d5b91e57cc368d) Importer(815301076,1909f56bfc062723c751e8b465ee728b)  -> (artifact id: 'c12b100ce6416e712105cd23a7d7656d') in 0.002568 seconds
  Import took 0.005013 seconds .

========================================================================
Received Import Request.
  Time since last request: 86.404916 seconds.
  path: Assets/MainMenu/Scripts/MainNetworkScript.cs
  artifactKey: Guid(2b762b63753ee6b458d5b91e57cc368d) Importer(815301076,1909f56bfc062723c751e8b465ee728b)
Start importing Assets/MainMenu/Scripts/MainNetworkScript.cs using Guid(2b762b63753ee6b458d5b91e57cc368d) Importer(815301076,1909f56bfc062723c751e8b465ee728b)  -> (artifact id: '58baf9f1598829f3d2885b7f7c28eb31') in 0.002265 seconds
  Import took 0.004402 seconds .

========================================================================
Received Import Request.
  Time since last request: 38.827403 seconds.
  path: Assets/MainMenu/Scripts/MainNetworkScript.cs
  artifactKey: Guid(2b762b63753ee6b458d5b91e57cc368d) Importer(815301076,1909f56bfc062723c751e8b465ee728b)
Start importing Assets/MainMenu/Scripts/MainNetworkScript.cs using Guid(2b762b63753ee6b458d5b91e57cc368d) Importer(815301076,1909f56bfc062723c751e8b465ee728b)  -> (artifact id: '6238c64f7c61784426e1c3b21c4f6072') in 0.002157 seconds
  Import took 0.004794 seconds .

========================================================================
Received Import Request.
  Time since last request: 56.970962 seconds.
  path: Assets/MainMenu/Lobby.unity
  artifactKey: Guid(ace99f38e167f1e439e6d35efb51a7a0) Importer(815301076,1909f56bfc062723c751e8b465ee728b)
Start importing Assets/MainMenu/Lobby.unity using Guid(ace99f38e167f1e439e6d35efb51a7a0) Importer(815301076,1909f56bfc062723c751e8b465ee728b)  -> (artifact id: '8bd6323ea1f23b1d43a3254326e8471e') in 0.010311 seconds
  Import took 0.012675 seconds .

========================================================================
Received Prepare
Registering precompiled user dll's ...
Registered in 0.001909 seconds.
Begin MonoManager ReloadAssembly
Native extension for WindowsStandalone target not found
Refreshing native plugins compatible for Editor in 0.34 ms, found 0 plugins.
Preloading 0 native plugins for Editor in 0.00 ms.
Invoked RoslynAnalysisRunner static constructor.
RoslynAnalysisRunner will not be running.
RoslynAnalysisRunner has terminated.
Mono: successfully reloaded assembly
- Completed reload, in  0.767 seconds
Platform modules already initialized, skipping
Refreshing native plugins compatible for Editor in 0.27 ms, found 0 plugins.
Preloading 0 native plugins for Editor in 0.00 ms.
Unloading 1318 Unused Serialized files (Serialized files now loaded: 0)
System memory in use before: 67.5 MB.
System memory in use after: 67.6 MB.

Unloading 10 unused Assets to reduce memory usage. Loaded Objects now: 1806.
Total: 1.493600 ms (FindLiveObjects: 0.149600 ms CreateObjectMapping: 0.033200 ms MarkObjects: 1.295800 ms  DeleteObjects: 0.014400 ms)

========================================================================
Received Import Request.
  Time since last request: 1591.414907 seconds.
  path: Assets/MainMenu/MainMenu.unity
  artifactKey: Guid(568bf2949afa4c144b63988c6106b20d) Importer(815301076,1909f56bfc062723c751e8b465ee728b)
Start importing Assets/MainMenu/MainMenu.unity using Guid(568bf2949afa4c144b63988c6106b20d) Importer(815301076,1909f56bfc062723c751e8b465ee728b)  -> (artifact id: '8a5307f1b193082838d02773a2682e9d') in 0.030478 seconds
  Import took 0.033051 seconds .

========================================================================
Received Prepare
Registering precompiled user dll's ...
Registered in 0.002452 seconds.
Begin MonoManager ReloadAssembly
Native extension for WindowsStandalone target not found
Refreshing native plugins compatible for Editor in 0.27 ms, found 0 plugins.
Preloading 0 native plugins for Editor in 0.00 ms.
Invoked RoslynAnalysisRunner static constructor.
RoslynAnalysisRunner will not be running.
RoslynAnalysisRunner has terminated.
Mono: successfully reloaded assembly
- Completed reload, in  0.788 seconds
Platform modules already initialized, skipping
Refreshing native plugins compatible for Editor in 0.27 ms, found 0 plugins.
Preloading 0 native plugins for Editor in 0.00 ms.
Unloading 1319 Unused Serialized files (Serialized files now loaded: 0)
System memory in use before: 67.8 MB.
System memory in use after: 67.9 MB.

Unloading 10 unused Assets to reduce memory usage. Loaded Objects now: 1808.
Total: 1.417800 ms (FindLiveObjects: 0.140600 ms CreateObjectMapping: 0.039300 ms MarkObjects: 1.206600 ms  DeleteObjects: 0.030500 ms)

========================================================================
Received Prepare
Registering precompiled user dll's ...
Registered in 0.002326 seconds.
Begin MonoManager ReloadAssembly
Native extension for WindowsStandalone target not found
Refreshing native plugins compatible for Editor in 0.33 ms, found 0 plugins.
Preloading 0 native plugins for Editor in 0.00 ms.
Invoked RoslynAnalysisRunner static constructor.
RoslynAnalysisRunner will not be running.
RoslynAnalysisRunner has terminated.
Mono: successfully reloaded assembly
- Completed reload, in  0.810 seconds
Platform modules already initialized, skipping
Refreshing native plugins compatible for Editor in 0.27 ms, found 0 plugins.
Preloading 0 native plugins for Editor in 0.00 ms.
Unloading 1319 Unused Serialized files (Serialized files now loaded: 0)
System memory in use before: 67.9 MB.
System memory in use after: 68.0 MB.

Unloading 10 unused Assets to reduce memory usage. Loaded Objects now: 1810.
Total: 1.373600 ms (FindLiveObjects: 0.154500 ms CreateObjectMapping: 0.042900 ms MarkObjects: 1.161900 ms  DeleteObjects: 0.012900 ms)

========================================================================
Received Import Request.
  Time since last request: 216178.128015 seconds.
  path: Assets/MainMenu/Scripts/MainNetworkScript.cs
  artifactKey: Guid(2b762b63753ee6b458d5b91e57cc368d) Importer(815301076,1909f56bfc062723c751e8b465ee728b)
Start importing Assets/MainMenu/Scripts/MainNetworkScript.cs using Guid(2b762b63753ee6b458d5b91e57cc368d) Importer(815301076,1909f56bfc062723c751e8b465ee728b)  -> (artifact id: '2b2075e4e22865c922adbeee68e6f8d0') in 0.176435 seconds
  Import took 0.292077 seconds .

========================================================================
Received Import Request.
  Time since last request: 269.286925 seconds.
  path: Assets/Photon/PhotonChat/Code/PhotonChat.asmdef
  artifactKey: Guid(08a110bd598f7604f9519c2d7e1fb3cc) Importer(815301076,1909f56bfc062723c751e8b465ee728b)
Start importing Assets/Photon/PhotonChat/Code/PhotonChat.asmdef using Guid(08a110bd598f7604f9519c2d7e1fb3cc) Importer(815301076,1909f56bfc062723c751e8b465ee728b)  -> (artifact id: '1a8195fd4310408cbdb876aa15a102d5') in 0.015671 seconds
  Import took 0.017785 seconds .

========================================================================
Received Import Request.
  Time since last request: 0.000461 seconds.
  path: Assets/Photon/PhotonRealtime/Code/PhotonRealtime.asmdef
  artifactKey: Guid(831409e8f9d13b5479a3baef9822ad34) Importer(815301076,1909f56bfc062723c751e8b465ee728b)
Start importing Assets/Photon/PhotonRealtime/Code/PhotonRealtime.asmdef using Guid(831409e8f9d13b5479a3baef9822ad34) Importer(815301076,1909f56bfc062723c751e8b465ee728b)  -> (artifact id: '9b3e4b6ac89dbdd98e70d22c86b9f95c') in 0.007087 seconds
  Import took 0.009251 seconds .

========================================================================
Received Import Request.
  Time since last request: 2527.492455 seconds.
  path: Assets/Photon/PhotonUnityNetworking/Resources/PhotonServerSettings.asset
  artifactKey: Guid(57804d66413975449889edbfad7e1aa0) Importer(815301076,1909f56bfc062723c751e8b465ee728b)
Start importing Assets/Photon/PhotonUnityNetworking/Resources/PhotonServerSettings.asset using Guid(57804d66413975449889edbfad7e1aa0) Importer(815301076,1909f56bfc062723c751e8b465ee728b)  -> (artifact id: '0556759a323253843ef265b8b1bc0523') in 0.119919 seconds
  Import took 0.122486 seconds .

========================================================================
Received Prepare
Registering precompiled user dll's ...
Registered in 0.091349 seconds.
Begin MonoManager ReloadAssembly
Native extension for WindowsStandalone target not found
Refreshing native plugins compatible for Editor in 0.29 ms, found 0 plugins.
Preloading 0 native plugins for Editor in 0.00 ms.
Invoked RoslynAnalysisRunner static constructor.
RoslynAnalysisRunner will not be running.
RoslynAnalysisRunner has terminated.
Mono: successfully reloaded assembly
- Completed reload, in  0.888 seconds
Platform modules already initialized, skipping
Refreshing native plugins compatible for Editor in 0.29 ms, found 0 plugins.
Preloading 0 native plugins for Editor in 0.00 ms.
Unloading 1319 Unused Serialized files (Serialized files now loaded: 0)
System memory in use before: 68.1 MB.
System memory in use after: 68.2 MB.

Unloading 10 unused Assets to reduce memory usage. Loaded Objects now: 1812.
Total: 2.189600 ms (FindLiveObjects: 0.145500 ms CreateObjectMapping: 0.029800 ms MarkObjects: 1.997300 ms  DeleteObjects: 0.015800 ms)

========================================================================
Received Prepare
Registering precompiled user dll's ...
Registered in 0.002501 seconds.
Begin MonoManager ReloadAssembly
Native extension for WindowsStandalone target not found
Refreshing native plugins compatible for Editor in 0.26 ms, found 0 plugins.
Preloading 0 native plugins for Editor in 0.00 ms.
Invoked RoslynAnalysisRunner static constructor.
RoslynAnalysisRunner will not be running.
RoslynAnalysisRunner has terminated.
Mono: successfully reloaded assembly
- Completed reload, in  0.769 seconds
Platform modules already initialized, skipping
Refreshing native plugins compatible for Editor in 0.28 ms, found 0 plugins.
Preloading 0 native plugins for Editor in 0.00 ms.
Unloading 1319 Unused Serialized files (Serialized files now loaded: 0)
System memory in use before: 68.3 MB.
System memory in use after: 68.4 MB.

Unloading 10 unused Assets to reduce memory usage. Loaded Objects now: 1814.
Total: 1.791500 ms (FindLiveObjects: 0.268700 ms CreateObjectMapping: 0.103500 ms MarkObjects: 1.402300 ms  DeleteObjects: 0.015700 ms)

========================================================================
Received Prepare
Registering precompiled user dll's ...
Registered in 0.002006 seconds.
Begin MonoManager ReloadAssembly
Native extension for WindowsStandalone target not found
Refreshing native plugins compatible for Editor in 0.29 ms, found 0 plugins.
Preloading 0 native plugins for Editor in 0.00 ms.
Invoked RoslynAnalysisRunner static constructor.
RoslynAnalysisRunner will not be running.
RoslynAnalysisRunner has terminated.
Mono: successfully reloaded assembly
- Completed reload, in  0.836 seconds
Platform modules already initialized, skipping
Refreshing native plugins compatible for Editor in 0.28 ms, found 0 plugins.
Preloading 0 native plugins for Editor in 0.00 ms.
Unloading 1319 Unused Serialized files (Serialized files now loaded: 0)
System memory in use before: 68.5 MB.
System memory in use after: 68.6 MB.

Unloading 10 unused Assets to reduce memory usage. Loaded Objects now: 1816.
Total: 1.611900 ms (FindLiveObjects: 0.179100 ms CreateObjectMapping: 0.030700 ms MarkObjects: 1.387800 ms  DeleteObjects: 0.013000 ms)

========================================================================
Received Prepare
Registering precompiled user dll's ...
Registered in 0.003159 seconds.
Begin MonoManager ReloadAssembly
Native extension for WindowsStandalone target not found
Refreshing native plugins compatible for Editor in 0.37 ms, found 0 plugins.
Preloading 0 native plugins for Editor in 0.00 ms.
Invoked RoslynAnalysisRunner static constructor.
RoslynAnalysisRunner will not be running.
RoslynAnalysisRunner has terminated.
Mono: successfully reloaded assembly
- Completed reload, in  1.281 seconds
Platform modules already initialized, skipping
Refreshing native plugins compatible for Editor in 0.57 ms, found 0 plugins.
Preloading 0 native plugins for Editor in 0.00 ms.
Unloading 1319 Unused Serialized files (Serialized files now loaded: 0)
System memory in use before: 68.7 MB.
System memory in use after: 68.8 MB.

Unloading 10 unused Assets to reduce memory usage. Loaded Objects now: 1818.
Total: 2.333100 ms (FindLiveObjects: 0.236100 ms CreateObjectMapping: 0.069700 ms MarkObjects: 1.998200 ms  DeleteObjects: 0.027300 ms)

========================================================================
Received Import Request.
  Time since last request: 4063.518328 seconds.
  path: Assets/MainCharacters/FirstMainCharacter/3dModelsAnimations/Player.prefab
  artifactKey: Guid(a5bdca0a2315d43499be7dcef473fbc7) Importer(815301076,1909f56bfc062723c751e8b465ee728b)
Start importing Assets/MainCharacters/FirstMainCharacter/3dModelsAnimations/Player.prefab using Guid(a5bdca0a2315d43499be7dcef473fbc7) Importer(815301076,1909f56bfc062723c751e8b465ee728b)  -> (artifact id: 'f552244d8f4733f3ede5f24e6584c26e') in 1.216673 seconds
  Import took 1.220853 seconds .

========================================================================
Received Import Request.
  Time since last request: 4429.044766 seconds.
  path: Assets/MainMenu/Scripts/MainNetworkScript.cs
  artifactKey: Guid(2b762b63753ee6b458d5b91e57cc368d) Importer(815301076,1909f56bfc062723c751e8b465ee728b)
Start importing Assets/MainMenu/Scripts/MainNetworkScript.cs using Guid(2b762b63753ee6b458d5b91e57cc368d) Importer(815301076,1909f56bfc062723c751e8b465ee728b)  -> (artifact id: 'e88bfdff9d2dcbafa129c2ad5bafe9aa') in 0.009932 seconds
  Import took 0.019821 seconds .

========================================================================
Received Prepare
Registering precompiled user dll's ...
Registered in 0.001966 seconds.
Begin MonoManager ReloadAssembly
Native extension for WindowsStandalone target not found
Refreshing native plugins compatible for Editor in 0.30 ms, found 0 plugins.
Preloading 0 native plugins for Editor in 0.00 ms.
Invoked RoslynAnalysisRunner static constructor.
RoslynAnalysisRunner will not be running.
RoslynAnalysisRunner has terminated.
Mono: successfully reloaded assembly
- Completed reload, in  0.803 seconds
Platform modules already initialized, skipping
Refreshing native plugins compatible for Editor in 0.27 ms, found 0 plugins.
Preloading 0 native plugins for Editor in 0.00 ms.
Unloading 1319 Unused Serialized files (Serialized files now loaded: 0)
System memory in use before: 79.9 MB.
System memory in use after: 80.0 MB.

Unloading 10 unused Assets to reduce memory usage. Loaded Objects now: 1822.
Total: 1.623200 ms (FindLiveObjects: 0.146000 ms CreateObjectMapping: 0.035600 ms MarkObjects: 1.393300 ms  DeleteObjects: 0.047500 ms)

========================================================================
Received Prepare
Registering precompiled user dll's ...
Registered in 0.002511 seconds.
Begin MonoManager ReloadAssembly
Native extension for WindowsStandalone target not found
Refreshing native plugins compatible for Editor in 0.25 ms, found 0 plugins.
Preloading 0 native plugins for Editor in 0.00 ms.
Invoked RoslynAnalysisRunner static constructor.
RoslynAnalysisRunner will not be running.
RoslynAnalysisRunner has terminated.
Mono: successfully reloaded assembly
- Completed reload, in  0.778 seconds
Platform modules already initialized, skipping
Refreshing native plugins compatible for Editor in 0.27 ms, found 0 plugins.
Preloading 0 native plugins for Editor in 0.00 ms.
Unloading 1319 Unused Serialized files (Serialized files now loaded: 0)
System memory in use before: 80.1 MB.
System memory in use after: 80.2 MB.

Unloading 10 unused Assets to reduce memory usage. Loaded Objects now: 1824.
Total: 1.718500 ms (FindLiveObjects: 0.182800 ms CreateObjectMapping: 0.157400 ms MarkObjects: 1.358600 ms  DeleteObjects: 0.017600 ms)

========================================================================
Received Prepare
Registering precompiled user dll's ...
Registered in 0.001982 seconds.
Begin MonoManager ReloadAssembly
Native extension for WindowsStandalone target not found
Refreshing native plugins compatible for Editor in 0.26 ms, found 0 plugins.
Preloading 0 native plugins for Editor in 0.00 ms.
Invoked RoslynAnalysisRunner static constructor.
RoslynAnalysisRunner will not be running.
RoslynAnalysisRunner has terminated.
Mono: successfully reloaded assembly
- Completed reload, in  0.816 seconds
Platform modules already initialized, skipping
Refreshing native plugins compatible for Editor in 0.28 ms, found 0 plugins.
Preloading 0 native plugins for Editor in 0.00 ms.
Unloading 1319 Unused Serialized files (Serialized files now loaded: 0)
System memory in use before: 80.2 MB.
System memory in use after: 80.3 MB.

Unloading 10 unused Assets to reduce memory usage. Loaded Objects now: 1826.
Total: 1.332500 ms (FindLiveObjects: 0.139800 ms CreateObjectMapping: 0.040200 ms MarkObjects: 1.138700 ms  DeleteObjects: 0.012400 ms)

========================================================================
Received Prepare
Registering precompiled user dll's ...
Registered in 0.002394 seconds.
Begin MonoManager ReloadAssembly
Native extension for WindowsStandalone target not found
Refreshing native plugins compatible for Editor in 0.29 ms, found 0 plugins.
Preloading 0 native plugins for Editor in 0.00 ms.
Invoked RoslynAnalysisRunner static constructor.
RoslynAnalysisRunner will not be running.
RoslynAnalysisRunner has terminated.
Mono: successfully reloaded assembly
- Completed reload, in  0.984 seconds
Platform modules already initialized, skipping
Refreshing native plugins compatible for Editor in 0.32 ms, found 0 plugins.
Preloading 0 native plugins for Editor in 0.00 ms.
Unloading 1319 Unused Serialized files (Serialized files now loaded: 0)
System memory in use before: 80.3 MB.
System memory in use after: 80.4 MB.

Unloading 10 unused Assets to reduce memory usage. Loaded Objects now: 1828.
Total: 2.457000 ms (FindLiveObjects: 0.293500 ms CreateObjectMapping: 0.078100 ms MarkObjects: 2.053000 ms  DeleteObjects: 0.030800 ms)

========================================================================
Received Prepare
Registering precompiled user dll's ...
Registered in 0.003682 seconds.
Begin MonoManager ReloadAssembly
Native extension for WindowsStandalone target not found
Refreshing native plugins compatible for Editor in 0.29 ms, found 0 plugins.
Preloading 0 native plugins for Editor in 0.00 ms.
Invoked RoslynAnalysisRunner static constructor.
RoslynAnalysisRunner will not be running.
RoslynAnalysisRunner has terminated.
Mono: successfully reloaded assembly
- Completed reload, in  0.797 seconds
Platform modules already initialized, skipping
Refreshing native plugins compatible for Editor in 0.27 ms, found 0 plugins.
Preloading 0 native plugins for Editor in 0.00 ms.
Unloading 1319 Unused Serialized files (Serialized files now loaded: 0)
System memory in use before: 79.6 MB.
System memory in use after: 79.7 MB.

Unloading 10 unused Assets to reduce memory usage. Loaded Objects now: 1830.
Total: 1.466500 ms (FindLiveObjects: 0.158200 ms CreateObjectMapping: 0.034800 ms MarkObjects: 1.258700 ms  DeleteObjects: 0.013400 ms)

========================================================================
Received Import Request.
  Time since last request: 2021.156982 seconds.
  path: Assets/Photon/PhotonUnityNetworking/Demos/DemoSlotRacer/Kenney Assets/Stylized city/Materials/11 - Default.mat
  artifactKey: Guid(b7d67d7d7ddb88542b23886a4b496c77) Importer(815301076,1909f56bfc062723c751e8b465ee728b)
Start importing Assets/Photon/PhotonUnityNetworking/Demos/DemoSlotRacer/Kenney Assets/Stylized city/Materials/11 - Default.mat using Guid(b7d67d7d7ddb88542b23886a4b496c77) Importer(815301076,1909f56bfc062723c751e8b465ee728b)  -> (artifact id: 'dec3c75457f0eaf1566a0b3659685bc5') in 0.124455 seconds
  Import took 0.126631 seconds .

========================================================================
Received Import Request.
  Time since last request: 0.000324 seconds.
  path: Assets/Photon/PhotonUnityNetworking/Demos/DemoAsteroids/Models/Asteroid01.fbx
  artifactKey: Guid(401fae203bae0ee428e401e7f9af9be8) Importer(815301076,1909f56bfc062723c751e8b465ee728b)
Start importing Assets/Photon/PhotonUnityNetworking/Demos/DemoAsteroids/Models/Asteroid01.fbx using Guid(401fae203bae0ee428e401e7f9af9be8) Importer(815301076,1909f56bfc062723c751e8b465ee728b)  -> (artifact id: '5ba614353c584e320f60a61315fccad4') in 0.103814 seconds
  Import took 0.105942 seconds .

========================================================================
Received Import Request.
  Time since last request: 0.000160 seconds.
  path: Assets/Photon/PhotonUnityNetworking/Demos/DemoSlotRacer/Kenney Assets/Stylized city/Materials/11 - Default.mat
  artifactKey: Guid(b7d67d7d7ddb88542b23886a4b496c77) Importer(815301076,1909f56bfc062723c751e8b465ee728b)
Start importing Assets/Photon/PhotonUnityNetworking/Demos/DemoSlotRacer/Kenney Assets/Stylized city/Materials/11 - Default.mat using Guid(b7d67d7d7ddb88542b23886a4b496c77) Importer(815301076,1909f56bfc062723c751e8b465ee728b)  -> (artifact id: 'dec3c75457f0eaf1566a0b3659685bc5') in 0.012707 seconds
  Import took 0.015120 seconds .

========================================================================
Received Import Request.
  Time since last request: 0.000181 seconds.
  path: Assets/Cvests/Cvest1EscapePrison/battery/3dModelsAnimations/BatteryModel.fbx
  artifactKey: Guid(a854a2fc013e7b8448eadf55fb9c9b25) Importer(815301076,1909f56bfc062723c751e8b465ee728b)
Start importing Assets/Cvests/Cvest1EscapePrison/battery/3dModelsAnimations/BatteryModel.fbx using Guid(a854a2fc013e7b8448eadf55fb9c9b25) Importer(815301076,1909f56bfc062723c751e8b465ee728b)  -> (artifact id: '3db1356fa608024e94b61b3468a896b4') in 0.045859 seconds
  Import took 0.048478 seconds .

========================================================================
Received Import Request.
  Time since last request: 0.000157 seconds.
  path: Assets/Photon/PhotonUnityNetworking/Demos/DemoAsteroids/Models/Materials/Asteroid.mat
  artifactKey: Guid(be2c382f522695c4fa3947ac8e1d4457) Importer(815301076,1909f56bfc062723c751e8b465ee728b)
Start importing Assets/Photon/PhotonUnityNetworking/Demos/DemoAsteroids/Models/Materials/Asteroid.mat using Guid(be2c382f522695c4fa3947ac8e1d4457) Importer(815301076,1909f56bfc062723c751e8b465ee728b)  -> (artifact id: 'c5d699ca1c442c22a606a4c95325d234') in 0.013462 seconds
  Import took 0.015972 seconds .

========================================================================
Received Import Request.
  Time since last request: 0.000174 seconds.
  path: Assets/Photon/PhotonUnityNetworking/Demos/DemoSlotRacer/Kenney Assets/Racing Kit/Models/Materials/_defaultMat.mat
  artifactKey: Guid(f0a6a86e908f6204ab518387a784ed36) Importer(815301076,1909f56bfc062723c751e8b465ee728b)
Start importing Assets/Photon/PhotonUnityNetworking/Demos/DemoSlotRacer/Kenney Assets/Racing Kit/Models/Materials/_defaultMat.mat using Guid(f0a6a86e908f6204ab518387a784ed36) Importer(815301076,1909f56bfc062723c751e8b465ee728b)  -> (artifact id: 'e9e3c38887aea04e750e9b89bbecb37a') in 0.018538 seconds
  Import took 0.020515 seconds .

========================================================================
Received Import Request.
  Time since last request: 0.000155 seconds.
  path: Assets/Cvests/Cvest1EscapePrison/Map/OldMap/final/baton.obj
  artifactKey: Guid(0880ba1c950af1f4c8708a91263ca3ad) Importer(815301076,1909f56bfc062723c751e8b465ee728b)
Start importing Assets/Cvests/Cvest1EscapePrison/Map/OldMap/final/baton.obj using Guid(0880ba1c950af1f4c8708a91263ca3ad) Importer(815301076,1909f56bfc062723c751e8b465ee728b)  -> (artifact id: '8bf6f3b7ae089aea835aca2513aebf7e') in 0.029821 seconds
  Import took 0.032155 seconds .

========================================================================
Received Import Request.
  Time since last request: 0.000145 seconds.
  path: Assets/Photon/PhotonUnityNetworking/Demos/DemoSlotRacer/Kenney Assets/Stylized city/Materials/13 - Default22662.mat
  artifactKey: Guid(7d91274cc4a876a439f75445704f421b) Importer(815301076,1909f56bfc062723c751e8b465ee728b)
Start importing Assets/Photon/PhotonUnityNetworking/Demos/DemoSlotRacer/Kenney Assets/Stylized city/Materials/13 - Default22662.mat using Guid(7d91274cc4a876a439f75445704f421b) Importer(815301076,1909f56bfc062723c751e8b465ee728b)  -> (artifact id: 'f5915921d3fd11c446154dbc13335713') in 0.019781 seconds
  Import took 0.021769 seconds .

========================================================================
Received Import Request.
  Time since last request: 0.000213 seconds.
  path: Assets/Photon/PhotonUnityNetworking/Demos/DemoSlotRacer/Kenney Assets/Stylized city/Materials/13 - Default54.mat
  artifactKey: Guid(831e4ea6beda02947bdca5aeb8543156) Importer(815301076,1909f56bfc062723c751e8b465ee728b)
Start importing Assets/Photon/PhotonUnityNetworking/Demos/DemoSlotRacer/Kenney Assets/Stylized city/Materials/13 - Default54.mat using Guid(831e4ea6beda02947bdca5aeb8543156) Importer(815301076,1909f56bfc062723c751e8b465ee728b)  -> (artifact id: '5ec5cc201c91cdceaa870ba27906c7c0') in 0.018718 seconds
  Import took 0.020563 seconds .

========================================================================
Received Import Request.
  Time since last request: 0.000210 seconds.
  path: Assets/Photon/PhotonUnityNetworking/Demos/DemoSlotRacer/Kenney Assets/Stylized city/Materials/13 - Default.mat
  artifactKey: Guid(b957742c5b9bfd441b9b330c8b55d0c5) Importer(815301076,1909f56bfc062723c751e8b465ee728b)
Start importing Assets/Photon/PhotonUnityNetworking/Demos/DemoSlotRacer/Kenney Assets/Stylized city/Materials/13 - Default.mat using Guid(b957742c5b9bfd441b9b330c8b55d0c5) Importer(815301076,1909f56bfc062723c751e8b465ee728b)  -> (artifact id: '2c224b22c77902493fe0aec9712303d7') in 0.017173 seconds
  Import took 0.020636 seconds .

========================================================================
Received Import Request.
  Time since last request: 0.000249 seconds.
  path: Assets/Photon/PhotonUnityNetworking/Demos/DemoSlotRacer/Kenney Assets/Stylized city/Materials/20 - Default.mat
  artifactKey: Guid(4e1a4e79a3548164da24123dbb0f3566) Importer(815301076,1909f56bfc062723c751e8b465ee728b)
Start importing Assets/Photon/PhotonUnityNetworking/Demos/DemoSlotRacer/Kenney Assets/Stylized city/Materials/20 - Default.mat using Guid(4e1a4e79a3548164da24123dbb0f3566) Importer(815301076,1909f56bfc062723c751e8b465ee728b)  -> (artifact id: '074afec85452ff2f03855298246d3efc') in 0.018708 seconds
  Import took 0.020561 seconds .

========================================================================
Received Import Request.
  Time since last request: 0.000245 seconds.
  path: Assets/Cvests/Cvest1EscapePrison/battery/ProgramFiles/BatteryModel.blend
  artifactKey: Guid(86e2f2915e6400d49bfb785c36ef98f5) Importer(815301076,1909f56bfc062723c751e8b465ee728b)
Start importing Assets/Cvests/Cvest1EscapePrison/battery/ProgramFiles/BatteryModel.blend using Guid(86e2f2915e6400d49bfb785c36ef98f5) Importer(815301076,1909f56bfc062723c751e8b465ee728b)  -> (artifact id: 'f0b851d0eac48e7bdf085019339e7fa1') in 0.044292 seconds
  Import took 0.046524 seconds .

========================================================================
Received Import Request.
  Time since last request: 0.000226 seconds.
  path: Assets/Photon/PhotonUnityNetworking/Demos/DemoSlotRacer/Kenney Assets/Stylized city/Materials/20 - Default.mat
  artifactKey: Guid(4e1a4e79a3548164da24123dbb0f3566) Importer(815301076,1909f56bfc062723c751e8b465ee728b)
Start importing Assets/Photon/PhotonUnityNetworking/Demos/DemoSlotRacer/Kenney Assets/Stylized city/Materials/20 - Default.mat using Guid(4e1a4e79a3548164da24123dbb0f3566) Importer(815301076,1909f56bfc062723c751e8b465ee728b)  -> (artifact id: '074afec85452ff2f03855298246d3efc') in 0.010225 seconds
  Import took 0.012304 seconds .

========================================================================
Received Import Request.
  Time since last request: 0.000325 seconds.
  path: Assets/Photon/PhotonUnityNetworking/Demos/DemoSlotRacer/Kenney Assets/Stylized city/Materials/24 - Default.mat
  artifactKey: Guid(c14837dfa515883428e5652d93e80c72) Importer(815301076,1909f56bfc062723c751e8b465ee728b)
Start importing Assets/Photon/PhotonUnityNetworking/Demos/DemoSlotRacer/Kenney Assets/Stylized city/Materials/24 - Default.mat using Guid(c14837dfa515883428e5652d93e80c72) Importer(815301076,1909f56bfc062723c751e8b465ee728b)  -> (artifact id: 'd31a44a1f7f062dda49e72e38dca9d92') in 0.018694 seconds
  Import took 0.021643 seconds .

========================================================================
Received Import Request.
  Time since last request: 0.000174 seconds.
  path: Assets/Photon/PhotonUnityNetworking/Demos/DemoSlotRacer/Kenney Assets/Stylized city/Materials/22 - Default.mat
  artifactKey: Guid(86080a783905b5740ad2b81f63a2c650) Importer(815301076,1909f56bfc062723c751e8b465ee728b)
Start importing Assets/Photon/PhotonUnityNetworking/Demos/DemoSlotRacer/Kenney Assets/Stylized city/Materials/22 - Default.mat using Guid(86080a783905b5740ad2b81f63a2c650) Importer(815301076,1909f56bfc062723c751e8b465ee728b)  -> (artifact id: 'a5e5dd12295875aea76e673ae72b7918') in 0.018335 seconds
  Import took 0.020458 seconds .

========================================================================
Received Import Request.
  Time since last request: 0.000157 seconds.
  path: Assets/Photon/PhotonUnityNetworking/Demos/DemoSlotRacer/Kenney Assets/Racing Kit/Models/Materials/bark.mat
  artifactKey: Guid(5b3826dd21e1d2b4a947c774023d1db3) Importer(815301076,1909f56bfc062723c751e8b465ee728b)
Start importing Assets/Photon/PhotonUnityNetworking/Demos/DemoSlotRacer/Kenney Assets/Racing Kit/Models/Materials/bark.mat using Guid(5b3826dd21e1d2b4a947c774023d1db3) Importer(815301076,1909f56bfc062723c751e8b465ee728b)  -> (artifact id: '187468d7e1dacdf59b1632fc07413c1e') in 0.018885 seconds
  Import took 0.020904 seconds .

========================================================================
Received Import Request.
  Time since last request: 0.026674 seconds.
  path: Assets/Photon/PhotonUnityNetworking/Demos/DemoSlotRacer/Kenney Assets/Racing Kit/Models/Materials/bark.mat
  artifactKey: Guid(5b3826dd21e1d2b4a947c774023d1db3) Importer(815301076,1909f56bfc062723c751e8b465ee728b)
Start importing Assets/Photon/PhotonUnityNetworking/Demos/DemoSlotRacer/Kenney Assets/Racing Kit/Models/Materials/bark.mat using Guid(5b3826dd21e1d2b4a947c774023d1db3) Importer(815301076,1909f56bfc062723c751e8b465ee728b)  -> (artifact id: '187468d7e1dacdf59b1632fc07413c1e') in 0.014240 seconds
  Import took 0.017093 seconds .

========================================================================
Received Prepare
Registering precompiled user dll's ...
Registered in 0.001924 seconds.
Begin MonoManager ReloadAssembly
Native extension for WindowsStandalone target not found
Refreshing native plugins compatible for Editor in 0.33 ms, found 0 plugins.
Preloading 0 native plugins for Editor in 0.00 ms.
Invoked RoslynAnalysisRunner static constructor.
RoslynAnalysisRunner will not be running.
RoslynAnalysisRunner has terminated.
Mono: successfully reloaded assembly
- Completed reload, in  0.804 seconds
Platform modules already initialized, skipping
Refreshing native plugins compatible for Editor in 0.27 ms, found 0 plugins.
Preloading 0 native plugins for Editor in 0.00 ms.
Unloading 1319 Unused Serialized files (Serialized files now loaded: 0)
System memory in use before: 80.0 MB.
System memory in use after: 80.1 MB.

Unloading 10 unused Assets to reduce memory usage. Loaded Objects now: 1836.
Total: 1.906500 ms (FindLiveObjects: 0.275000 ms CreateObjectMapping: 0.121600 ms MarkObjects: 1.493400 ms  DeleteObjects: 0.014900 ms)

========================================================================
Received Prepare
Registering precompiled user dll's ...
Registered in 0.001733 seconds.
Begin MonoManager ReloadAssembly
Native extension for WindowsStandalone target not found
Refreshing native plugins compatible for Editor in 0.25 ms, found 0 plugins.
Preloading 0 native plugins for Editor in 0.00 ms.
Invoked RoslynAnalysisRunner static constructor.
RoslynAnalysisRunner will not be running.
RoslynAnalysisRunner has terminated.
Mono: successfully reloaded assembly
- Completed reload, in  0.740 seconds
Platform modules already initialized, skipping
Refreshing native plugins compatible for Editor in 0.27 ms, found 0 plugins.
Preloading 0 native plugins for Editor in 0.00 ms.
Unloading 1319 Unused Serialized files (Serialized files now loaded: 0)
System memory in use before: 80.2 MB.
System memory in use after: 80.3 MB.

Unloading 10 unused Assets to reduce memory usage. Loaded Objects now: 1838.
Total: 1.657100 ms (FindLiveObjects: 0.206300 ms CreateObjectMapping: 0.048200 ms MarkObjects: 1.387200 ms  DeleteObjects: 0.014200 ms)

========================================================================
Received Prepare
Registering precompiled user dll's ...
Registered in 0.002038 seconds.
Begin MonoManager ReloadAssembly
Native extension for WindowsStandalone target not found
Refreshing native plugins compatible for Editor in 0.28 ms, found 0 plugins.
Preloading 0 native plugins for Editor in 0.00 ms.
Invoked RoslynAnalysisRunner static constructor.
RoslynAnalysisRunner will not be running.
RoslynAnalysisRunner has terminated.
Mono: successfully reloaded assembly
- Completed reload, in  0.750 seconds
Platform modules already initialized, skipping
Refreshing native plugins compatible for Editor in 0.28 ms, found 0 plugins.
Preloading 0 native plugins for Editor in 0.00 ms.
Unloading 1319 Unused Serialized files (Serialized files now loaded: 0)
System memory in use before: 80.4 MB.
System memory in use after: 80.5 MB.

Unloading 10 unused Assets to reduce memory usage. Loaded Objects now: 1840.
Total: 1.748700 ms (FindLiveObjects: 0.318400 ms CreateObjectMapping: 0.104400 ms MarkObjects: 1.309500 ms  DeleteObjects: 0.015000 ms)

========================================================================
Received Prepare
Registering precompiled user dll's ...
Registered in 0.002302 seconds.
Begin MonoManager ReloadAssembly
Native extension for WindowsStandalone target not found
Refreshing native plugins compatible for Editor in 0.30 ms, found 0 plugins.
Preloading 0 native plugins for Editor in 0.00 ms.
Invoked RoslynAnalysisRunner static constructor.
RoslynAnalysisRunner will not be running.
RoslynAnalysisRunner has terminated.
Mono: successfully reloaded assembly
- Completed reload, in  1.072 seconds
Platform modules already initialized, skipping
Refreshing native plugins compatible for Editor in 0.28 ms, found 0 plugins.
Preloading 0 native plugins for Editor in 0.00 ms.
Unloading 1319 Unused Serialized files (Serialized files now loaded: 0)
System memory in use before: 80.6 MB.
System memory in use after: 80.7 MB.

Unloading 10 unused Assets to reduce memory usage. Loaded Objects now: 1842.
Total: 1.739000 ms (FindLiveObjects: 0.172500 ms CreateObjectMapping: 0.045700 ms MarkObjects: 1.492000 ms  DeleteObjects: 0.027400 ms)

========================================================================
Received Prepare
Registering precompiled user dll's ...
Registered in 0.003419 seconds.
Begin MonoManager ReloadAssembly
Native extension for WindowsStandalone target not found
Refreshing native plugins compatible for Editor in 0.37 ms, found 0 plugins.
Preloading 0 native plugins for Editor in 0.00 ms.
Invoked RoslynAnalysisRunner static constructor.
RoslynAnalysisRunner will not be running.
RoslynAnalysisRunner has terminated.
Mono: successfully reloaded assembly
- Completed reload, in  1.467 seconds
Platform modules already initialized, skipping
Refreshing native plugins compatible for Editor in 0.39 ms, found 0 plugins.
Preloading 0 native plugins for Editor in 0.00 ms.
Unloading 1319 Unused Serialized files (Serialized files now loaded: 0)
System memory in use before: 80.8 MB.
System memory in use after: 80.9 MB.

Unloading 10 unused Assets to reduce memory usage. Loaded Objects now: 1844.
Total: 4.464400 ms (FindLiveObjects: 0.359400 ms CreateObjectMapping: 0.275900 ms MarkObjects: 3.798000 ms  DeleteObjects: 0.028500 ms)

========================================================================
Received Prepare
Registering precompiled user dll's ...
Registered in 0.003339 seconds.
Begin MonoManager ReloadAssembly
Native extension for WindowsStandalone target not found
Refreshing native plugins compatible for Editor in 0.35 ms, found 0 plugins.
Preloading 0 native plugins for Editor in 0.00 ms.
Invoked RoslynAnalysisRunner static constructor.
RoslynAnalysisRunner will not be running.
RoslynAnalysisRunner has terminated.
Mono: successfully reloaded assembly
- Completed reload, in  0.901 seconds
Platform modules already initialized, skipping
Refreshing native plugins compatible for Editor in 0.28 ms, found 0 plugins.
Preloading 0 native plugins for Editor in 0.00 ms.
Unloading 1319 Unused Serialized files (Serialized files now loaded: 0)
System memory in use before: 80.0 MB.
System memory in use after: 80.1 MB.

Unloading 10 unused Assets to reduce memory usage. Loaded Objects now: 1846.
Total: 1.975800 ms (FindLiveObjects: 0.289500 ms CreateObjectMapping: 0.072500 ms MarkObjects: 1.594900 ms  DeleteObjects: 0.017200 ms)

========================================================================
Received Import Request.
  Time since last request: 11850.862606 seconds.
  path: Assets/Cvests/Cvest1EscapePrison/battery
  artifactKey: Guid(6985b935cb514e84593e234b0854b5bf) Importer(815301076,1909f56bfc062723c751e8b465ee728b)
Start importing Assets/Cvests/Cvest1EscapePrison/battery using Guid(6985b935cb514e84593e234b0854b5bf) Importer(815301076,1909f56bfc062723c751e8b465ee728b)  -> (artifact id: '998dc877eea1a6f4285ebe389a507cae') in 0.012621 seconds
  Import took 0.021666 seconds .

========================================================================
Received Import Request.
  Time since last request: 0.633561 seconds.
  path: Assets/Cvests/Cvest1EscapePrison/battery/3dModelsAnimations
  artifactKey: Guid(f06de9e4956f0624c8c5fbb3ea1bd9f5) Importer(815301076,1909f56bfc062723c751e8b465ee728b)
Start importing Assets/Cvests/Cvest1EscapePrison/battery/3dModelsAnimations using Guid(f06de9e4956f0624c8c5fbb3ea1bd9f5) Importer(815301076,1909f56bfc062723c751e8b465ee728b)  -> (artifact id: '31e4acfbb6074e9740592ce3c9d930b6') in 0.007385 seconds
  Import took 0.010334 seconds .

========================================================================
Received Import Request.
  Time since last request: 77.693690 seconds.
  path: Assets/Cvests/Cvest1EscapePrison/Cvest1EscapePrison.unity
  artifactKey: Guid(9fc0d4010bbf28b4594072e72b8655ab) Importer(815301076,1909f56bfc062723c751e8b465ee728b)
Start importing Assets/Cvests/Cvest1EscapePrison/Cvest1EscapePrison.unity using Guid(9fc0d4010bbf28b4594072e72b8655ab) Importer(815301076,1909f56bfc062723c751e8b465ee728b)  -> (artifact id: '1e8a4d832950bdaf0ebd8bc84b69318b') in 0.014241 seconds
  Import took 0.017951 seconds .

========================================================================
Received Import Request.
  Time since last request: 563.935876 seconds.
  path: Assets/MainMenu/ProgramFiles/Buttons
  artifactKey: Guid(5de889ef4ce53454c8a158f679b1147b) Importer(815301076,1909f56bfc062723c751e8b465ee728b)
Start importing Assets/MainMenu/ProgramFiles/Buttons using Guid(5de889ef4ce53454c8a158f679b1147b) Importer(815301076,1909f56bfc062723c751e8b465ee728b)  -> (artifact id: '22edcb8f7d90ab11df1a02194bb6ea90') in 0.008172 seconds
  Import took 0.018164 seconds .

========================================================================
Received Import Request.
  Time since last request: 0.040836 seconds.
  path: Assets/MainMenu/ProgramFiles/Buttons/CloseButton.png
  artifactKey: Guid(2d7d521d85dc24b44967460284a46813) Importer(815301076,1909f56bfc062723c751e8b465ee728b)
Start importing Assets/MainMenu/ProgramFiles/Buttons/CloseButton.png using Guid(2d7d521d85dc24b44967460284a46813) Importer(815301076,1909f56bfc062723c751e8b465ee728b)  -> (artifact id: '9b27f5702e2338d39cf293e0a96e662a') in 0.068647 seconds
  Import took 0.070922 seconds .

========================================================================
Received Import Request.
  Time since last request: 0.000289 seconds.
  path: Assets/MainMenu/ProgramFiles/Buttons/PutItemButton.png
  artifactKey: Guid(26594b34b2a2cbe42bd387fc977ef447) Importer(815301076,1909f56bfc062723c751e8b465ee728b)
Start importing Assets/MainMenu/ProgramFiles/Buttons/PutItemButton.png using Guid(26594b34b2a2cbe42bd387fc977ef447) Importer(815301076,1909f56bfc062723c751e8b465ee728b)  -> (artifact id: '9c80302c36d169ef6087e0f42de13519') in 0.016921 seconds
  Import took 0.019918 seconds .

========================================================================
Received Import Request.
  Time since last request: 0.000386 seconds.
  path: Assets/MainMenu/ProgramFiles/Buttons/GetItemButton.png
  artifactKey: Guid(cea82fa5a75def54c94a28e5ec0fde13) Importer(815301076,1909f56bfc062723c751e8b465ee728b)
Start importing Assets/MainMenu/ProgramFiles/Buttons/GetItemButton.png using Guid(cea82fa5a75def54c94a28e5ec0fde13) Importer(815301076,1909f56bfc062723c751e8b465ee728b)  -> (artifact id: '766bf906d73db9d75da6c0bdfe1f7ced') in 0.019157 seconds
  Import took 0.022033 seconds .

========================================================================
Received Import Request.
  Time since last request: 0.000285 seconds.
  path: Assets/MainMenu/ProgramFiles/Buttons/ScrowOutButton.png
  artifactKey: Guid(80b5bbb5f83fd5341ba91736eb4873e5) Importer(815301076,1909f56bfc062723c751e8b465ee728b)
Start importing Assets/MainMenu/ProgramFiles/Buttons/ScrowOutButton.png using Guid(80b5bbb5f83fd5341ba91736eb4873e5) Importer(815301076,1909f56bfc062723c751e8b465ee728b)  -> (artifact id: '00dea9af9dcd9a1db0eb0bc27414c0b1') in 0.033224 seconds
  Import took 0.035582 seconds .

========================================================================
Received Import Request.
  Time since last request: 0.000239 seconds.
  path: Assets/MainMenu/ProgramFiles/Buttons/GetIntoButton.png
  artifactKey: Guid(33e32aa0d53312343a06d5193e539fe0) Importer(815301076,1909f56bfc062723c751e8b465ee728b)
Start importing Assets/MainMenu/ProgramFiles/Buttons/GetIntoButton.png using Guid(33e32aa0d53312343a06d5193e539fe0) Importer(815301076,1909f56bfc062723c751e8b465ee728b)  -> (artifact id: '4c86f2f1228e9598bc330291d9d50ffd') in 0.017620 seconds
  Import took 0.020125 seconds .

========================================================================
Received Import Request.
  Time since last request: 0.000249 seconds.
  path: Assets/MainMenu/ProgramFiles/Buttons/GetOutButton.png
  artifactKey: Guid(d5734230bcde3fe49a6a67b27d5752bd) Importer(815301076,1909f56bfc062723c751e8b465ee728b)
Start importing Assets/MainMenu/ProgramFiles/Buttons/GetOutButton.png using Guid(d5734230bcde3fe49a6a67b27d5752bd) Importer(815301076,1909f56bfc062723c751e8b465ee728b)  -> (artifact id: '94f007df7127efabe0b2692640e1f9d4') in 0.020460 seconds
  Import took 0.023783 seconds .

========================================================================
Received Import Request.
  Time since last request: 0.000211 seconds.
  path: Assets/MainMenu/ProgramFiles/Buttons/OpenButton.png
  artifactKey: Guid(338c92e3170f8a345adda6edbcfce0d4) Importer(815301076,1909f56bfc062723c751e8b465ee728b)
Start importing Assets/MainMenu/ProgramFiles/Buttons/OpenButton.png using Guid(338c92e3170f8a345adda6edbcfce0d4) Importer(815301076,1909f56bfc062723c751e8b465ee728b)  -> (artifact id: 'fe82ab56aa322987e9f45f14d2633714') in 0.037621 seconds
  Import took 0.039832 seconds .

========================================================================
Received Import Request.
  Time since last request: 0.000201 seconds.
  path: Assets/MainMenu/ProgramFiles/Buttons/MoveButton.png
  artifactKey: Guid(6171e64d45b13244bb2d1c1b8647b99f) Importer(815301076,1909f56bfc062723c751e8b465ee728b)
Start importing Assets/MainMenu/ProgramFiles/Buttons/MoveButton.png using Guid(6171e64d45b13244bb2d1c1b8647b99f) Importer(815301076,1909f56bfc062723c751e8b465ee728b)  -> (artifact id: '53acb7ceb8767f72d3cde5c836e843b0') in 0.018310 seconds
  Import took 0.021988 seconds .

========================================================================
Received Import Request.
  Time since last request: 81.003487 seconds.
  path: Assets/MainMenu/MainMenu.unity
  artifactKey: Guid(568bf2949afa4c144b63988c6106b20d) Importer(815301076,1909f56bfc062723c751e8b465ee728b)
Start importing Assets/MainMenu/MainMenu.unity using Guid(568bf2949afa4c144b63988c6106b20d) Importer(815301076,1909f56bfc062723c751e8b465ee728b)  -> (artifact id: 'd645466bb89e923e3966faa585f847b6') in 0.007892 seconds
  Import took 0.009970 seconds .

========================================================================
Received Prepare
Registering precompiled user dll's ...
Registered in 0.002011 seconds.
Begin MonoManager ReloadAssembly
Native extension for WindowsStandalone target not found
Refreshing native plugins compatible for Editor in 0.26 ms, found 0 plugins.
Preloading 0 native plugins for Editor in 0.00 ms.
Invoked RoslynAnalysisRunner static constructor.
RoslynAnalysisRunner will not be running.
RoslynAnalysisRunner has terminated.
Mono: successfully reloaded assembly
- Completed reload, in  0.810 seconds
Platform modules already initialized, skipping
Refreshing native plugins compatible for Editor in 0.28 ms, found 0 plugins.
Preloading 0 native plugins for Editor in 0.00 ms.
Unloading 1319 Unused Serialized files (Serialized files now loaded: 0)
System memory in use before: 80.2 MB.
System memory in use after: 80.3 MB.

Unloading 10 unused Assets to reduce memory usage. Loaded Objects now: 1850.
Total: 3.344700 ms (FindLiveObjects: 0.314500 ms CreateObjectMapping: 0.086700 ms MarkObjects: 2.911000 ms  DeleteObjects: 0.030300 ms)

========================================================================
Received Prepare
Registering precompiled user dll's ...
Registered in 0.002815 seconds.
Begin MonoManager ReloadAssembly
Native extension for WindowsStandalone target not found
Refreshing native plugins compatible for Editor in 0.26 ms, found 0 plugins.
Preloading 0 native plugins for Editor in 0.00 ms.
Invoked RoslynAnalysisRunner static constructor.
RoslynAnalysisRunner will not be running.
RoslynAnalysisRunner has terminated.
Mono: successfully reloaded assembly
- Completed reload, in  0.785 seconds
Platform modules already initialized, skipping
Refreshing native plugins compatible for Editor in 0.27 ms, found 0 plugins.
Preloading 0 native plugins for Editor in 0.00 ms.
Unloading 1319 Unused Serialized files (Serialized files now loaded: 0)
System memory in use before: 80.4 MB.
System memory in use after: 80.5 MB.

Unloading 10 unused Assets to reduce memory usage. Loaded Objects now: 1852.
Total: 1.683600 ms (FindLiveObjects: 0.223100 ms CreateObjectMapping: 0.064900 ms MarkObjects: 1.377800 ms  DeleteObjects: 0.015900 ms)

========================================================================
Received Prepare
Registering precompiled user dll's ...
Registered in 0.169404 seconds.
Begin MonoManager ReloadAssembly
Native extension for WindowsStandalone target not found
Refreshing native plugins compatible for Editor in 0.46 ms, found 0 plugins.
Preloading 0 native plugins for Editor in 0.00 ms.
Invoked RoslynAnalysisRunner static constructor.
RoslynAnalysisRunner will not be running.
RoslynAnalysisRunner has terminated.
Mono: successfully reloaded assembly
- Completed reload, in  1.521 seconds
Platform modules already initialized, skipping
Refreshing native plugins compatible for Editor in 0.28 ms, found 0 plugins.
Preloading 0 native plugins for Editor in 0.00 ms.
Unloading 1319 Unused Serialized files (Serialized files now loaded: 0)
System memory in use before: 80.6 MB.
System memory in use after: 80.7 MB.

Unloading 10 unused Assets to reduce memory usage. Loaded Objects now: 1854.
Total: 1.639700 ms (FindLiveObjects: 0.145300 ms CreateObjectMapping: 0.053300 ms MarkObjects: 1.424000 ms  DeleteObjects: 0.015400 ms)

AssetImportWorkerClient::OnTransportError - code=2 error=End of file
